# JRE version: OpenJDK Runtime Environment Temurin-21.0.6+7 (21.0.6+7) (build 21.0.6+7-LTS)
# Java VM: OpenJDK 64-Bit Server VM Temurin-21.0.6+7 (21.0.6+7-LTS, mixed mode, sharing, tiered, compressed oops, compressed class ptrs, parallel gc, windows-amd64)
GC Precious Log:
 CardTable entry size: 512
 CPUs: 12 total, 12 available
 Memory: 7916M
 Large Page Support: Disabled
 NUMA Support: Disabled
 Compressed Oops: Enabled (32-bit)
 Alignments: Space 512K, Generation 512K, Heap 2M
 Heap Min Capacity: 100M
 Heap Initial Capacity: 100M
 Heap Max Capacity: 1G
 Pre-touch: Disabled
 Parallel Workers: 10
Heap:
 PSYoungGen      total 19968K, used 12925K [0x00000000eab00000, 0x00000000ec280000, 0x0000000100000000)
  eden space 16384K, 57% used [0x00000000eab00000,0x00000000eb41fec0,0x00000000ebb00000)
  from space 3584K, 99% used [0x00000000ebb80000,0x00000000ebeff610,0x00000000ebf00000)
  to   space 512K, 0% used [0x00000000ec200000,0x00000000ec200000,0x00000000ec280000)
 ParOldGen       total 406528K, used 375918K [0x00000000c0000000, 0x00000000d8d00000, 0x00000000eab00000)
  object space 406528K, 92% used [0x00000000c0000000,0x00000000d6f1b990,0x00000000d8d00000)
 Metaspace       used 65226K, committed 66560K, reserved 1114112K
  class space    used 7401K, committed 8000K, reserved 1048576K
GC Heap History (20 events):
Event: 675.133 GC heap before
{Heap before GC invocations=539 (full 3):
 PSYoungGen      total 27136K, used 26940K [0x00000000eab00000, 0x00000000ecd80000, 0x0000000100000000)
  eden space 19968K, 100% used [0x00000000eab00000,0x00000000ebe80000,0x00000000ebe80000)
  from space 7168K, 97% used [0x00000000ec180000,0x00000000ec84f2c0,0x00000000ec880000)
  to   space 5120K, 0% used [0x00000000ec880000,0x00000000ec880000,0x00000000ecd80000)
 ParOldGen       total 406528K, used 357911K [0x00000000c0000000, 0x00000000d8d00000, 0x00000000eab00000)
  object space 406528K, 88% used [0x00000000c0000000,0x00000000d5d85ce0,0x00000000d8d00000)
 Metaspace       used 65221K, committed 66560K, reserved 1114112K
  class space    used 7401K, committed 8000K, reserved 1048576K
}
Event: 675.142 GC heap after
{Heap after GC invocations=539 (full 3):
 PSYoungGen      total 25088K, used 5116K [0x00000000eab00000, 0x00000000ecd80000, 0x0000000100000000)
  eden space 19968K, 0% used [0x00000000eab00000,0x00000000eab00000,0x00000000ebe80000)
  from space 5120K, 99% used [0x00000000ec880000,0x00000000ecd7f2c0,0x00000000ecd80000)
  to   space 6656K, 0% used [0x00000000ec080000,0x00000000ec080000,0x00000000ec700000)
 ParOldGen       total 406528K, used 358479K [0x00000000c0000000, 0x00000000d8d00000, 0x00000000eab00000)
  object space 406528K, 88% used [0x00000000c0000000,0x00000000d5e13ce0,0x00000000d8d00000)
 Metaspace       used 65221K, committed 66560K, reserved 1114112K
  class space    used 7401K, committed 8000K, reserved 1048576K
}
Event: 679.124 GC heap before
{Heap before GC invocations=540 (full 3):
 PSYoungGen      total 25088K, used 25068K [0x00000000eab00000, 0x00000000ecd80000, 0x0000000100000000)
  eden space 19968K, 99% used [0x00000000eab00000,0x00000000ebe7bfa0,0x00000000ebe80000)
  from space 5120K, 99% used [0x00000000ec880000,0x00000000ecd7f2c0,0x00000000ecd80000)
  to   space 6656K, 0% used [0x00000000ec080000,0x00000000ec080000,0x00000000ec700000)
 ParOldGen       total 406528K, used 358479K [0x00000000c0000000, 0x00000000d8d00000, 0x00000000eab00000)
  object space 406528K, 88% used [0x00000000c0000000,0x00000000d5e13ce0,0x00000000d8d00000)
 Metaspace       used 65222K, committed 66560K, reserved 1114112K
  class space    used 7401K, committed 8000K, reserved 1048576K
}
Event: 679.134 GC heap after
{Heap after GC invocations=540 (full 3):
 PSYoungGen      total 24064K, used 3868K [0x00000000eab00000, 0x00000000ec900000, 0x0000000100000000)
  eden space 19968K, 0% used [0x00000000eab00000,0x00000000eab00000,0x00000000ebe80000)
  from space 4096K, 94% used [0x00000000ec080000,0x00000000ec4472c0,0x00000000ec480000)
  to   space 4608K, 0% used [0x00000000ec480000,0x00000000ec480000,0x00000000ec900000)
 ParOldGen       total 406528K, used 359071K [0x00000000c0000000, 0x00000000d8d00000, 0x00000000eab00000)
  object space 406528K, 88% used [0x00000000c0000000,0x00000000d5ea7ce0,0x00000000d8d00000)
 Metaspace       used 65222K, committed 66560K, reserved 1114112K
  class space    used 7401K, committed 8000K, reserved 1048576K
}
Event: 686.780 GC heap before
{Heap before GC invocations=541 (full 3):
 PSYoungGen      total 24064K, used 23824K [0x00000000eab00000, 0x00000000ec900000, 0x0000000100000000)
  eden space 19968K, 99% used [0x00000000eab00000,0x00000000ebe7cf18,0x00000000ebe80000)
  from space 4096K, 94% used [0x00000000ec080000,0x00000000ec4472c0,0x00000000ec480000)
  to   space 4608K, 0% used [0x00000000ec480000,0x00000000ec480000,0x00000000ec900000)
 ParOldGen       total 406528K, used 359071K [0x00000000c0000000, 0x00000000d8d00000, 0x00000000eab00000)
  object space 406528K, 88% used [0x00000000c0000000,0x00000000d5ea7ce0,0x00000000d8d00000)
 Metaspace       used 65222K, committed 66560K, reserved 1114112K
  class space    used 7401K, committed 8000K, reserved 1048576K
}
Event: 686.783 GC heap after
{Heap after GC invocations=541 (full 3):
 PSYoungGen      total 20480K, used 224K [0x00000000eab00000, 0x00000000ec500000, 0x0000000100000000)
  eden space 19968K, 0% used [0x00000000eab00000,0x00000000eab00000,0x00000000ebe80000)
  from space 512K, 43% used [0x00000000ec480000,0x00000000ec4b8000,0x00000000ec500000)
  to   space 2048K, 0% used [0x00000000ec100000,0x00000000ec100000,0x00000000ec300000)
 ParOldGen       total 406528K, used 359143K [0x00000000c0000000, 0x00000000d8d00000, 0x00000000eab00000)
  object space 406528K, 88% used [0x00000000c0000000,0x00000000d5eb9ce0,0x00000000d8d00000)
 Metaspace       used 65222K, committed 66560K, reserved 1114112K
  class space    used 7401K, committed 8000K, reserved 1048576K
}
Event: 687.313 GC heap before
{Heap before GC invocations=542 (full 3):
 PSYoungGen      total 20480K, used 20192K [0x00000000eab00000, 0x00000000ec500000, 0x0000000100000000)
  eden space 19968K, 100% used [0x00000000eab00000,0x00000000ebe80000,0x00000000ebe80000)
  from space 512K, 43% used [0x00000000ec480000,0x00000000ec4b8000,0x00000000ec500000)
  to   space 2048K, 0% used [0x00000000ec100000,0x00000000ec100000,0x00000000ec300000)
 ParOldGen       total 406528K, used 359143K [0x00000000c0000000, 0x00000000d8d00000, 0x00000000eab00000)
  object space 406528K, 88% used [0x00000000c0000000,0x00000000d5eb9ce0,0x00000000d8d00000)
 Metaspace       used 65222K, committed 66560K, reserved 1114112K
  class space    used 7401K, committed 8000K, reserved 1048576K
}
Event: 687.314 GC heap after
{Heap after GC invocations=542 (full 3):
 PSYoungGen      total 22016K, used 638K [0x00000000eab00000, 0x00000000ec500000, 0x0000000100000000)
  eden space 19968K, 0% used [0x00000000eab00000,0x00000000eab00000,0x00000000ebe80000)
  from space 2048K, 31% used [0x00000000ec100000,0x00000000ec19f960,0x00000000ec300000)
  to   space 1024K, 0% used [0x00000000ec400000,0x00000000ec400000,0x00000000ec500000)
 ParOldGen       total 406528K, used 359167K [0x00000000c0000000, 0x00000000d8d00000, 0x00000000eab00000)
  object space 406528K, 88% used [0x00000000c0000000,0x00000000d5ebfce0,0x00000000d8d00000)
 Metaspace       used 65222K, committed 66560K, reserved 1114112K
  class space    used 7401K, committed 8000K, reserved 1048576K
}
Event: 687.348 GC heap before
{Heap before GC invocations=543 (full 3):
 PSYoungGen      total 22016K, used 20606K [0x00000000eab00000, 0x00000000ec500000, 0x0000000100000000)
  eden space 19968K, 100% used [0x00000000eab00000,0x00000000ebe80000,0x00000000ebe80000)
  from space 2048K, 31% used [0x00000000ec100000,0x00000000ec19f960,0x00000000ec300000)
  to   space 1024K, 0% used [0x00000000ec400000,0x00000000ec400000,0x00000000ec500000)
 ParOldGen       total 406528K, used 359167K [0x00000000c0000000, 0x00000000d8d00000, 0x00000000eab00000)
  object space 406528K, 88% used [0x00000000c0000000,0x00000000d5ebfce0,0x00000000d8d00000)
 Metaspace       used 65223K, committed 66560K, reserved 1114112K
  class space    used 7401K, committed 8000K, reserved 1048576K
}
Event: 687.385 GC heap after
{Heap after GC invocations=543 (full 3):
 PSYoungGen      total 17408K, used 1017K [0x00000000eab00000, 0x00000000ed080000, 0x0000000100000000)
  eden space 16384K, 0% used [0x00000000eab00000,0x00000000eab00000,0x00000000ebb00000)
  from space 1024K, 99% used [0x00000000ec400000,0x00000000ec4fe538,0x00000000ec500000)
  to   space 9216K, 0% used [0x00000000ebb00000,0x00000000ebb00000,0x00000000ec400000)
 ParOldGen       total 406528K, used 365703K [0x00000000c0000000, 0x00000000d8d00000, 0x00000000eab00000)
  object space 406528K, 89% used [0x00000000c0000000,0x00000000d6521ce0,0x00000000d8d00000)
 Metaspace       used 65223K, committed 66560K, reserved 1114112K
  class space    used 7401K, committed 8000K, reserved 1048576K
}
Event: 687.808 GC heap before
{Heap before GC invocations=544 (full 3):
 PSYoungGen      total 17408K, used 17401K [0x00000000eab00000, 0x00000000ed080000, 0x0000000100000000)
  eden space 16384K, 100% used [0x00000000eab00000,0x00000000ebb00000,0x00000000ebb00000)
  from space 1024K, 99% used [0x00000000ec400000,0x00000000ec4fe538,0x00000000ec500000)
  to   space 9216K, 0% used [0x00000000ebb00000,0x00000000ebb00000,0x00000000ec400000)
 ParOldGen       total 406528K, used 365703K [0x00000000c0000000, 0x00000000d8d00000, 0x00000000eab00000)
  object space 406528K, 89% used [0x00000000c0000000,0x00000000d6521ce0,0x00000000d8d00000)
 Metaspace       used 65224K, committed 66560K, reserved 1114112K
  class space    used 7401K, committed 8000K, reserved 1048576K
}
Event: 687.814 GC heap after
{Heap after GC invocations=544 (full 3):
 PSYoungGen      total 23040K, used 6428K [0x00000000eab00000, 0x00000000ec900000, 0x0000000100000000)
  eden space 16384K, 0% used [0x00000000eab00000,0x00000000eab00000,0x00000000ebb00000)
  from space 6656K, 96% used [0x00000000ebb00000,0x00000000ec1472c0,0x00000000ec180000)
  to   space 7168K, 0% used [0x00000000ec200000,0x00000000ec200000,0x00000000ec900000)
 ParOldGen       total 406528K, used 365879K [0x00000000c0000000, 0x00000000d8d00000, 0x00000000eab00000)
  object space 406528K, 90% used [0x00000000c0000000,0x00000000d654dce0,0x00000000d8d00000)
 Metaspace       used 65224K, committed 66560K, reserved 1114112K
  class space    used 7401K, committed 8000K, reserved 1048576K
}
Event: 688.204 GC heap before
{Heap before GC invocations=545 (full 3):
 PSYoungGen      total 23040K, used 22812K [0x00000000eab00000, 0x00000000ec900000, 0x0000000100000000)
  eden space 16384K, 100% used [0x00000000eab00000,0x00000000ebb00000,0x00000000ebb00000)
  from space 6656K, 96% used [0x00000000ebb00000,0x00000000ec1472c0,0x00000000ec180000)
  to   space 7168K, 0% used [0x00000000ec200000,0x00000000ec200000,0x00000000ec900000)
 ParOldGen       total 406528K, used 365879K [0x00000000c0000000, 0x00000000d8d00000, 0x00000000eab00000)
  object space 406528K, 90% used [0x00000000c0000000,0x00000000d654dce0,0x00000000d8d00000)
 Metaspace       used 65224K, committed 66560K, reserved 1114112K
  class space    used 7401K, committed 8000K, reserved 1048576K
}
Event: 688.208 GC heap after
{Heap after GC invocations=545 (full 3):
 PSYoungGen      total 16896K, used 192K [0x00000000eab00000, 0x00000000ec280000, 0x0000000100000000)
  eden space 16384K, 0% used [0x00000000eab00000,0x00000000eab00000,0x00000000ebb00000)
  from space 512K, 37% used [0x00000000ec200000,0x00000000ec230000,0x00000000ec280000)
  to   space 2560K, 0% used [0x00000000ebd80000,0x00000000ebd80000,0x00000000ec000000)
 ParOldGen       total 406528K, used 365935K [0x00000000c0000000, 0x00000000d8d00000, 0x00000000eab00000)
  object space 406528K, 90% used [0x00000000c0000000,0x00000000d655bce0,0x00000000d8d00000)
 Metaspace       used 65224K, committed 66560K, reserved 1114112K
  class space    used 7401K, committed 8000K, reserved 1048576K
}
Event: 688.232 GC heap before
{Heap before GC invocations=546 (full 3):
 PSYoungGen      total 16896K, used 16576K [0x00000000eab00000, 0x00000000ec280000, 0x0000000100000000)
  eden space 16384K, 100% used [0x00000000eab00000,0x00000000ebb00000,0x00000000ebb00000)
  from space 512K, 37% used [0x00000000ec200000,0x00000000ec230000,0x00000000ec280000)
  to   space 2560K, 0% used [0x00000000ebd80000,0x00000000ebd80000,0x00000000ec000000)
 ParOldGen       total 406528K, used 365935K [0x00000000c0000000, 0x00000000d8d00000, 0x00000000eab00000)
  object space 406528K, 90% used [0x00000000c0000000,0x00000000d655bce0,0x00000000d8d00000)
 Metaspace       used 65224K, committed 66560K, reserved 1114112K
  class space    used 7401K, committed 8000K, reserved 1048576K
}
Event: 688.284 GC heap after
{Heap after GC invocations=546 (full 3):
 PSYoungGen      total 18944K, used 2553K [0x00000000eab00000, 0x00000000ec280000, 0x0000000100000000)
  eden space 16384K, 0% used [0x00000000eab00000,0x00000000eab00000,0x00000000ebb00000)
  from space 2560K, 99% used [0x00000000ebd80000,0x00000000ebffe538,0x00000000ec000000)
  to   space 512K, 0% used [0x00000000ec200000,0x00000000ec200000,0x00000000ec280000)
 ParOldGen       total 406528K, used 371007K [0x00000000c0000000, 0x00000000d8d00000, 0x00000000eab00000)
  object space 406528K, 91% used [0x00000000c0000000,0x00000000d6a4fce0,0x00000000d8d00000)
 Metaspace       used 65224K, committed 66560K, reserved 1114112K
  class space    used 7401K, committed 8000K, reserved 1048576K
}
Event: 688.473 GC heap before
{Heap before GC invocations=547 (full 3):
 PSYoungGen      total 18944K, used 18937K [0x00000000eab00000, 0x00000000ec280000, 0x0000000100000000)
  eden space 16384K, 100% used [0x00000000eab00000,0x00000000ebb00000,0x00000000ebb00000)
  from space 2560K, 99% used [0x00000000ebd80000,0x00000000ebffe538,0x00000000ec000000)
  to   space 512K, 0% used [0x00000000ec200000,0x00000000ec200000,0x00000000ec280000)
 ParOldGen       total 406528K, used 371007K [0x00000000c0000000, 0x00000000d8d00000, 0x00000000eab00000)
  object space 406528K, 91% used [0x00000000c0000000,0x00000000d6a4fce0,0x00000000d8d00000)
 Metaspace       used 65226K, committed 66560K, reserved 1114112K
  class space    used 7401K, committed 8000K, reserved 1048576K
}
Event: 688.475 GC heap after
{Heap after GC invocations=547 (full 3):
 PSYoungGen      total 16896K, used 512K [0x00000000eab00000, 0x00000000ec280000, 0x0000000100000000)
  eden space 16384K, 0% used [0x00000000eab00000,0x00000000eab00000,0x00000000ebb00000)
  from space 512K, 100% used [0x00000000ec200000,0x00000000ec280000,0x00000000ec280000)
  to   space 3584K, 0% used [0x00000000ebb80000,0x00000000ebb80000,0x00000000ebf00000)
 ParOldGen       total 406528K, used 371223K [0x00000000c0000000, 0x00000000d8d00000, 0x00000000eab00000)
  object space 406528K, 91% used [0x00000000c0000000,0x00000000d6a85ce0,0x00000000d8d00000)
 Metaspace       used 65226K, committed 66560K, reserved 1114112K
  class space    used 7401K, committed 8000K, reserved 1048576K
}
Event: 688.508 GC heap before
{Heap before GC invocations=548 (full 3):
 PSYoungGen      total 16896K, used 16896K [0x00000000eab00000, 0x00000000ec280000, 0x0000000100000000)
  eden space 16384K, 100% used [0x00000000eab00000,0x00000000ebb00000,0x00000000ebb00000)
  from space 512K, 100% used [0x00000000ec200000,0x00000000ec280000,0x00000000ec280000)
  to   space 3584K, 0% used [0x00000000ebb80000,0x00000000ebb80000,0x00000000ebf00000)
 ParOldGen       total 406528K, used 371223K [0x00000000c0000000, 0x00000000d8d00000, 0x00000000eab00000)
  object space 406528K, 91% used [0x00000000c0000000,0x00000000d6a85ce0,0x00000000d8d00000)
 Metaspace       used 65226K, committed 66560K, reserved 1114112K
  class space    used 7401K, committed 8000K, reserved 1048576K
}
Event: 688.564 GC heap after
{Heap after GC invocations=548 (full 3):
 PSYoungGen      total 19968K, used 3581K [0x00000000eab00000, 0x00000000ec280000, 0x0000000100000000)
  eden space 16384K, 0% used [0x00000000eab00000,0x00000000eab00000,0x00000000ebb00000)
  from space 3584K, 99% used [0x00000000ebb80000,0x00000000ebeff610,0x00000000ebf00000)
  to   space 512K, 0% used [0x00000000ec200000,0x00000000ec200000,0x00000000ec280000)
 ParOldGen       total 406528K, used 375918K [0x00000000c0000000, 0x00000000d8d00000, 0x00000000eab00000)
  object space 406528K, 92% used [0x00000000c0000000,0x00000000d6f1b990,0x00000000d8d00000)
 Metaspace       used 65226K, committed 66560K, reserved 1114112K
  class space    used 7401K, committed 8000K, reserved 1048576K
}

